<?xml version="1.0" encoding="UTF-8"?>
<!-- Generated by org.testng.reporters.JUnitReportReporter -->
<testsuite skipped="0" hostname="DESKTOP-G6U7U0A" name="OMgmtC_2" tests="1" failures="0" timestamp="06 Dec 2019 08:29:04 GMT" time="89.039" errors="0">
  <testcase name="case2" time="89.039" classname="OMgmtC_2"/>
</testsuite> <!-- OMgmtC_2 -->
