<?xml version="1.0" encoding="UTF-8"?>
<!-- Generated by org.testng.reporters.JUnitReportReporter -->
<testsuite skipped="0" hostname="DESKTOP-G6U7U0A" name="LoginScreen" tests="1" failures="0" timestamp="09 Dec 2019 09:05:35 GMT" time="31.029" errors="0">
  <testcase name="Login" time="31.029" classname="LoginScreen"/>
</testsuite> <!-- LoginScreen -->
