<?xml version="1.0" encoding="UTF-8"?>
<!-- Generated by org.testng.reporters.JUnitReportReporter -->
<testsuite skipped="0" hostname="DESKTOP-G6U7U0A" name="OMgmtC_3" tests="1" failures="0" timestamp="06 Dec 2019 09:14:39 GMT" time="83.250" errors="0">
  <testcase name="case2" time="83.250" classname="OMgmtC_3"/>
</testsuite> <!-- OMgmtC_3 -->
